INFO:encore:314 - Created non-GUI application for batch mode execution.
INFO:sim:172 - Generating IP...
Resolving generics for 'cntr_11_0_e8ba9564db20af16'...
Applying external generics to 'cntr_11_0_e8ba9564db20af16'...
Delivering associated files for 'cntr_11_0_e8ba9564db20af16'...
Generating implementation netlist for 'cntr_11_0_e8ba9564db20af16'...
INFO:sim - Pre-processing HDL files for 'cntr_11_0_e8ba9564db20af16'...
Running synthesis for 'cntr_11_0_e8ba9564db20af16'
Running ngcbuild...
Writing VHO instantiation template for 'cntr_11_0_e8ba9564db20af16'...
Writing VHDL behavioral simulation model for 'cntr_11_0_e8ba9564db20af16'...
Delivered 3 files into directory
/tmp/sysgentmp-ulloaroach2/cg_wk/cc12cb1dab62675c4/tmp/_cg/cntr_11_0_e8ba9564db2
0af16
Delivered 1 file into directory
/tmp/sysgentmp-ulloaroach2/cg_wk/cc12cb1dab62675c4/tmp/_cg/cntr_11_0_e8ba9564db2
0af16
INFO:sim:949 - Finished generation of ASY schematic symbol.
Generating metadata file...
Generating ISE project file for 'cntr_11_0_e8ba9564db20af16'...
Generating README file...
Generating FLIST file...
INFO:sim:948 - Finished FLIST file generation.
Moving files to output directory...
Finished moving files to output directory
Saved CGP file for project 'coregen'.
Saved CGP file for project 'coregen'.
